# JRE version: OpenJDK Runtime Environment (24.0.2+12) (build 24.0.2+12-54)
# Java VM: OpenJDK 64-Bit Server VM (24.0.2+12-54, mixed mode, sharing, tiered, compressed oops, compressed class ptrs, g1 gc, windows-amd64)
GC Precious Log:
 CardTable entry size: 512
 Card Set container configuration: InlinePtr #cards 4 size 8 Array Of Cards #cards 64 size 144 Howl #buckets 8 coarsen threshold 14745 Howl Bitmap #cards 2048 size 272 coarsen threshold 1843 Card regions per heap region 1 cards per card region 16384
 CPUs: 24 total, 24 available
 Memory: 65224M
 Large Page Support: Disabled
 NUMA Support: Disabled
 Compressed Oops: Enabled (Zero based)
 Heap Region Size: 8M
 Heap Min Capacity: 8M
 Heap Initial Capacity: 1G
 Heap Max Capacity: 16312M
 Pre-touch: Disabled
 Parallel Workers: 18
 Concurrent Workers: 5
 Concurrent Refinement Workers: 18
 Periodic GC: Disabled
Heap:
 garbage-first heap   total reserved 16703488K, committed 606208K, used 481720K [0x0000000404800000, 0x0000000800000000)
  region size 8192K, 40 young (327680K), 2 survivors (16384K)
 Metaspace       used 24472K, committed 25088K, reserved 1114112K
  class space    used 2201K, committed 2496K, reserved 1048576K
GC Heap History (20 events):
Event: 28440.928 GC heap before
{Heap before GC invocations=12637 (full 0):
 garbage-first heap   total reserved 16703488K, committed 606208K, used 521960K [0x0000000404800000, 0x0000000800000000)
  region size 8192K, 44 young (360448K), 2 survivors (16384K)
 Metaspace       used 24467K, committed 25088K, reserved 1114112K
  class space    used 2201K, committed 2496K, reserved 1048576K
}
Event: 28440.930 GC heap after
{Heap after GC invocations=12638 (full 0):
 garbage-first heap   total reserved 16703488K, committed 606208K, used 174355K [0x0000000404800000, 0x0000000800000000)
  region size 8192K, 2 young (16384K), 2 survivors (16384K)
 Metaspace       used 24467K, committed 25088K, reserved 1114112K
  class space    used 2201K, committed 2496K, reserved 1048576K
}
Event: 28442.892 GC heap before
{Heap before GC invocations=12638 (full 0):
 garbage-first heap   total reserved 16703488K, committed 606208K, used 518419K [0x0000000404800000, 0x0000000800000000)
  region size 8192K, 44 young (360448K), 2 survivors (16384K)
 Metaspace       used 24467K, committed 25088K, reserved 1114112K
  class space    used 2201K, committed 2496K, reserved 1048576K
}
Event: 28442.896 GC heap after
{Heap after GC invocations=12639 (full 0):
 garbage-first heap   total reserved 16703488K, committed 606208K, used 184796K [0x0000000404800000, 0x0000000800000000)
  region size 8192K, 3 young (24576K), 3 survivors (24576K)
 Metaspace       used 24467K, committed 25088K, reserved 1114112K
  class space    used 2201K, committed 2496K, reserved 1048576K
}
Event: 28444.382 GC heap before
{Heap before GC invocations=12639 (full 0):
 garbage-first heap   total reserved 16703488K, committed 606208K, used 520668K [0x0000000404800000, 0x0000000800000000)
  region size 8192K, 44 young (360448K), 3 survivors (24576K)
 Metaspace       used 24467K, committed 25088K, reserved 1114112K
  class space    used 2201K, committed 2496K, reserved 1048576K
}
Event: 28444.386 GC heap after
{Heap after GC invocations=12640 (full 0):
 garbage-first heap   total reserved 16703488K, committed 606208K, used 184552K [0x0000000404800000, 0x0000000800000000)
  region size 8192K, 3 young (24576K), 3 survivors (24576K)
 Metaspace       used 24467K, committed 25088K, reserved 1114112K
  class space    used 2201K, committed 2496K, reserved 1048576K
}
Event: 28445.950 GC heap before
{Heap before GC invocations=12640 (full 0):
 garbage-first heap   total reserved 16703488K, committed 606208K, used 520424K [0x0000000404800000, 0x0000000800000000)
  region size 8192K, 44 young (360448K), 3 survivors (24576K)
 Metaspace       used 24467K, committed 25088K, reserved 1114112K
  class space    used 2201K, committed 2496K, reserved 1048576K
}
Event: 28445.954 GC heap after
{Heap after GC invocations=12641 (full 0):
 garbage-first heap   total reserved 16703488K, committed 606208K, used 183277K [0x0000000404800000, 0x0000000800000000)
  region size 8192K, 3 young (24576K), 3 survivors (24576K)
 Metaspace       used 24467K, committed 25088K, reserved 1114112K
  class space    used 2201K, committed 2496K, reserved 1048576K
}
Event: 28447.943 GC heap before
{Heap before GC invocations=12641 (full 0):
 garbage-first heap   total reserved 16703488K, committed 606208K, used 519149K [0x0000000404800000, 0x0000000800000000)
  region size 8192K, 44 young (360448K), 3 survivors (24576K)
 Metaspace       used 24467K, committed 25088K, reserved 1114112K
  class space    used 2201K, committed 2496K, reserved 1048576K
}
Event: 28447.946 GC heap after
{Heap after GC invocations=12642 (full 0):
 garbage-first heap   total reserved 16703488K, committed 606208K, used 179045K [0x0000000404800000, 0x0000000800000000)
  region size 8192K, 2 young (16384K), 2 survivors (16384K)
 Metaspace       used 24467K, committed 25088K, reserved 1114112K
  class space    used 2201K, committed 2496K, reserved 1048576K
}
Event: 28449.939 GC heap before
{Heap before GC invocations=12642 (full 0):
 garbage-first heap   total reserved 16703488K, committed 606208K, used 523109K [0x0000000404800000, 0x0000000800000000)
  region size 8192K, 44 young (360448K), 2 survivors (16384K)
 Metaspace       used 24467K, committed 25088K, reserved 1114112K
  class space    used 2201K, committed 2496K, reserved 1048576K
}
Event: 28449.942 GC heap after
{Heap after GC invocations=12643 (full 0):
 garbage-first heap   total reserved 16703488K, committed 606208K, used 175685K [0x0000000404800000, 0x0000000800000000)
  region size 8192K, 2 young (16384K), 2 survivors (16384K)
 Metaspace       used 24467K, committed 25088K, reserved 1114112K
  class space    used 2201K, committed 2496K, reserved 1048576K
}
Event: 28451.903 GC heap before
{Heap before GC invocations=12643 (full 0):
 garbage-first heap   total reserved 16703488K, committed 606208K, used 511557K [0x0000000404800000, 0x0000000800000000)
  region size 8192K, 44 young (360448K), 2 survivors (16384K)
 Metaspace       used 24467K, committed 25088K, reserved 1114112K
  class space    used 2201K, committed 2496K, reserved 1048576K
}
Event: 28451.906 GC heap after
{Heap after GC invocations=12644 (full 0):
 garbage-first heap   total reserved 16703488K, committed 606208K, used 187114K [0x0000000404800000, 0x0000000800000000)
  region size 8192K, 3 young (24576K), 3 survivors (24576K)
 Metaspace       used 24467K, committed 25088K, reserved 1114112K
  class space    used 2201K, committed 2496K, reserved 1048576K
}
Event: 28453.403 GC heap before
{Heap before GC invocations=12644 (full 0):
 garbage-first heap   total reserved 16703488K, committed 606208K, used 522986K [0x0000000404800000, 0x0000000800000000)
  region size 8192K, 44 young (360448K), 3 survivors (24576K)
 Metaspace       used 24467K, committed 25088K, reserved 1114112K
  class space    used 2201K, committed 2496K, reserved 1048576K
}
Event: 28453.407 GC heap after
{Heap after GC invocations=12645 (full 0):
 garbage-first heap   total reserved 16703488K, committed 606208K, used 183645K [0x0000000404800000, 0x0000000800000000)
  region size 8192K, 3 young (24576K), 3 survivors (24576K)
 Metaspace       used 24467K, committed 25088K, reserved 1114112K
  class space    used 2201K, committed 2496K, reserved 1048576K
}
Event: 28454.957 GC heap before
{Heap before GC invocations=12645 (full 0):
 garbage-first heap   total reserved 16703488K, committed 606208K, used 519517K [0x0000000404800000, 0x0000000800000000)
  region size 8192K, 44 young (360448K), 3 survivors (24576K)
 Metaspace       used 24467K, committed 25088K, reserved 1114112K
  class space    used 2201K, committed 2496K, reserved 1048576K
}
Event: 28454.960 GC heap after
{Heap after GC invocations=12646 (full 0):
 garbage-first heap   total reserved 16703488K, committed 606208K, used 182566K [0x0000000404800000, 0x0000000800000000)
  region size 8192K, 3 young (24576K), 3 survivors (24576K)
 Metaspace       used 24467K, committed 25088K, reserved 1114112K
  class space    used 2201K, committed 2496K, reserved 1048576K
}
Event: 28456.953 GC heap before
{Heap before GC invocations=12646 (full 0):
 garbage-first heap   total reserved 16703488K, committed 606208K, used 518438K [0x0000000404800000, 0x0000000800000000)
  region size 8192K, 44 young (360448K), 3 survivors (24576K)
 Metaspace       used 24467K, committed 25088K, reserved 1114112K
  class space    used 2201K, committed 2496K, reserved 1048576K
}
Event: 28456.956 GC heap after
{Heap after GC invocations=12647 (full 0):
 garbage-first heap   total reserved 16703488K, committed 606208K, used 178616K [0x0000000404800000, 0x0000000800000000)
  region size 8192K, 2 young (16384K), 2 survivors (16384K)
 Metaspace       used 24467K, committed 25088K, reserved 1114112K
  class space    used 2201K, committed 2496K, reserved 1048576K
}

